<?xml version="1.0" encoding="UTF-8"?>
<testsuite xmlns:xsi="http://www.w3.org/2001/XMLSchema-instance" xsi:noNamespaceSchemaLocation="https://maven.apache.org/surefire/maven-surefire-plugin/xsd/surefire-test-report-3.0.xsd" version="3.0" name="supplychain.order.OrderApplicationTests" time="4.586" tests="1" errors="0" skipped="0" failures="0">
  <properties>
    <property name="java.specification.version" value="14"/>
    <property name="sun.jnu.encoding" value="UTF-8"/>
    <property name="java.class.path" value="/Users/rudra/Projects/supply-chain/order/target/test-classes:/Users/rudra/Projects/supply-chain/order/target/classes:/Users/rudra/.m2/repository/org/springframework/boot/spring-boot-starter-actuator/2.3.0.M4/spring-boot-starter-actuator-2.3.0.M4.jar:/Users/rudra/.m2/repository/org/springframework/boot/spring-boot-starter/2.3.0.M4/spring-boot-starter-2.3.0.M4.jar:/Users/rudra/.m2/repository/org/springframework/boot/spring-boot-starter-logging/2.3.0.M4/spring-boot-starter-logging-2.3.0.M4.jar:/Users/rudra/.m2/repository/ch/qos/logback/logback-classic/1.2.3/logback-classic-1.2.3.jar:/Users/rudra/.m2/repository/ch/qos/logback/logback-core/1.2.3/logback-core-1.2.3.jar:/Users/rudra/.m2/repository/org/apache/logging/log4j/log4j-to-slf4j/2.13.1/log4j-to-slf4j-2.13.1.jar:/Users/rudra/.m2/repository/org/apache/logging/log4j/log4j-api/2.13.1/log4j-api-2.13.1.jar:/Users/rudra/.m2/repository/org/slf4j/jul-to-slf4j/1.7.30/jul-to-slf4j-1.7.30.jar:/Users/rudra/.m2/repository/jakarta/annotation/jakarta.annotation-api/1.3.5/jakarta.annotation-api-1.3.5.jar:/Users/rudra/.m2/repository/org/yaml/snakeyaml/1.26/snakeyaml-1.26.jar:/Users/rudra/.m2/repository/org/springframework/boot/spring-boot-actuator-autoconfigure/2.3.0.M4/spring-boot-actuator-autoconfigure-2.3.0.M4.jar:/Users/rudra/.m2/repository/org/springframework/boot/spring-boot-actuator/2.3.0.M4/spring-boot-actuator-2.3.0.M4.jar:/Users/rudra/.m2/repository/com/fasterxml/jackson/core/jackson-databind/2.11.0.rc1/jackson-databind-2.11.0.rc1.jar:/Users/rudra/.m2/repository/com/fasterxml/jackson/core/jackson-annotations/2.11.0.rc1/jackson-annotations-2.11.0.rc1.jar:/Users/rudra/.m2/repository/com/fasterxml/jackson/core/jackson-core/2.11.0.rc1/jackson-core-2.11.0.rc1.jar:/Users/rudra/.m2/repository/com/fasterxml/jackson/datatype/jackson-datatype-jsr310/2.11.0.rc1/jackson-datatype-jsr310-2.11.0.rc1.jar:/Users/rudra/.m2/repository/org/springframework/spring-context/5.2.5.RELEASE/spring-context-5.2.5.RELEASE.jar:/Users/rudra/.m2/repository/io/micrometer/micrometer-core/1.3.7/micrometer-core-1.3.7.jar:/Users/rudra/.m2/repository/org/hdrhistogram/HdrHistogram/2.1.11/HdrHistogram-2.1.11.jar:/Users/rudra/.m2/repository/org/latencyutils/LatencyUtils/2.0.3/LatencyUtils-2.0.3.jar:/Users/rudra/.m2/repository/org/springframework/boot/spring-boot-starter-web/2.3.0.M4/spring-boot-starter-web-2.3.0.M4.jar:/Users/rudra/.m2/repository/org/springframework/boot/spring-boot-starter-json/2.3.0.M4/spring-boot-starter-json-2.3.0.M4.jar:/Users/rudra/.m2/repository/com/fasterxml/jackson/datatype/jackson-datatype-jdk8/2.11.0.rc1/jackson-datatype-jdk8-2.11.0.rc1.jar:/Users/rudra/.m2/repository/com/fasterxml/jackson/module/jackson-module-parameter-names/2.11.0.rc1/jackson-module-parameter-names-2.11.0.rc1.jar:/Users/rudra/.m2/repository/org/springframework/boot/spring-boot-starter-tomcat/2.3.0.M4/spring-boot-starter-tomcat-2.3.0.M4.jar:/Users/rudra/.m2/repository/org/apache/tomcat/embed/tomcat-embed-core/9.0.33/tomcat-embed-core-9.0.33.jar:/Users/rudra/.m2/repository/org/glassfish/jakarta.el/3.0.3/jakarta.el-3.0.3.jar:/Users/rudra/.m2/repository/org/apache/tomcat/embed/tomcat-embed-websocket/9.0.33/tomcat-embed-websocket-9.0.33.jar:/Users/rudra/.m2/repository/org/springframework/spring-web/5.2.5.RELEASE/spring-web-5.2.5.RELEASE.jar:/Users/rudra/.m2/repository/org/springframework/spring-beans/5.2.5.RELEASE/spring-beans-5.2.5.RELEASE.jar:/Users/rudra/.m2/repository/org/springframework/spring-webmvc/5.2.5.RELEASE/spring-webmvc-5.2.5.RELEASE.jar:/Users/rudra/.m2/repository/org/springframework/spring-aop/5.2.5.RELEASE/spring-aop-5.2.5.RELEASE.jar:/Users/rudra/.m2/repository/org/springframework/spring-expression/5.2.5.RELEASE/spring-expression-5.2.5.RELEASE.jar:/Users/rudra/.m2/repository/org/springframework/boot/spring-boot-devtools/2.3.0.M4/spring-boot-devtools-2.3.0.M4.jar:/Users/rudra/.m2/repository/org/springframework/boot/spring-boot/2.3.0.M4/spring-boot-2.3.0.M4.jar:/Users/rudra/.m2/repository/org/springframework/boot/spring-boot-autoconfigure/2.3.0.M4/spring-boot-autoconfigure-2.3.0.M4.jar:/Users/rudra/.m2/repository/org/projectlombok/lombok/1.18.12/lombok-1.18.12.jar:/Users/rudra/.m2/repository/org/springframework/boot/spring-boot-starter-test/2.3.0.M4/spring-boot-starter-test-2.3.0.M4.jar:/Users/rudra/.m2/repository/org/springframework/boot/spring-boot-test/2.3.0.M4/spring-boot-test-2.3.0.M4.jar:/Users/rudra/.m2/repository/org/springframework/boot/spring-boot-test-autoconfigure/2.3.0.M4/spring-boot-test-autoconfigure-2.3.0.M4.jar:/Users/rudra/.m2/repository/com/jayway/jsonpath/json-path/2.4.0/json-path-2.4.0.jar:/Users/rudra/.m2/repository/net/minidev/json-smart/2.3/json-smart-2.3.jar:/Users/rudra/.m2/repository/net/minidev/accessors-smart/1.2/accessors-smart-1.2.jar:/Users/rudra/.m2/repository/org/ow2/asm/asm/5.0.4/asm-5.0.4.jar:/Users/rudra/.m2/repository/org/slf4j/slf4j-api/1.7.30/slf4j-api-1.7.30.jar:/Users/rudra/.m2/repository/jakarta/xml/bind/jakarta.xml.bind-api/2.3.3/jakarta.xml.bind-api-2.3.3.jar:/Users/rudra/.m2/repository/jakarta/activation/jakarta.activation-api/1.2.2/jakarta.activation-api-1.2.2.jar:/Users/rudra/.m2/repository/org/assertj/assertj-core/3.15.0/assertj-core-3.15.0.jar:/Users/rudra/.m2/repository/org/hamcrest/hamcrest/2.2/hamcrest-2.2.jar:/Users/rudra/.m2/repository/org/junit/jupiter/junit-jupiter/5.6.1/junit-jupiter-5.6.1.jar:/Users/rudra/.m2/repository/org/junit/jupiter/junit-jupiter-api/5.6.1/junit-jupiter-api-5.6.1.jar:/Users/rudra/.m2/repository/org/apiguardian/apiguardian-api/1.1.0/apiguardian-api-1.1.0.jar:/Users/rudra/.m2/repository/org/opentest4j/opentest4j/1.2.0/opentest4j-1.2.0.jar:/Users/rudra/.m2/repository/org/junit/platform/junit-platform-commons/1.6.1/junit-platform-commons-1.6.1.jar:/Users/rudra/.m2/repository/org/junit/jupiter/junit-jupiter-params/5.6.1/junit-jupiter-params-5.6.1.jar:/Users/rudra/.m2/repository/org/junit/jupiter/junit-jupiter-engine/5.6.1/junit-jupiter-engine-5.6.1.jar:/Users/rudra/.m2/repository/org/junit/platform/junit-platform-engine/1.6.1/junit-platform-engine-1.6.1.jar:/Users/rudra/.m2/repository/org/mockito/mockito-core/3.3.3/mockito-core-3.3.3.jar:/Users/rudra/.m2/repository/net/bytebuddy/byte-buddy/1.10.9/byte-buddy-1.10.9.jar:/Users/rudra/.m2/repository/net/bytebuddy/byte-buddy-agent/1.10.9/byte-buddy-agent-1.10.9.jar:/Users/rudra/.m2/repository/org/objenesis/objenesis/2.6/objenesis-2.6.jar:/Users/rudra/.m2/repository/org/mockito/mockito-junit-jupiter/3.3.3/mockito-junit-jupiter-3.3.3.jar:/Users/rudra/.m2/repository/org/skyscreamer/jsonassert/1.5.0/jsonassert-1.5.0.jar:/Users/rudra/.m2/repository/com/vaadin/external/google/android-json/0.0.20131108.vaadin1/android-json-0.0.20131108.vaadin1.jar:/Users/rudra/.m2/repository/org/springframework/spring-core/5.2.5.RELEASE/spring-core-5.2.5.RELEASE.jar:/Users/rudra/.m2/repository/org/springframework/spring-jcl/5.2.5.RELEASE/spring-jcl-5.2.5.RELEASE.jar:/Users/rudra/.m2/repository/org/springframework/spring-test/5.2.5.RELEASE/spring-test-5.2.5.RELEASE.jar:/Users/rudra/.m2/repository/org/xmlunit/xmlunit-core/2.6.4/xmlunit-core-2.6.4.jar:"/>
    <property name="java.vm.vendor" value="Oracle Corporation"/>
    <property name="sun.arch.data.model" value="64"/>
    <property name="java.vendor.url" value="https://java.oracle.com/"/>
    <property name="user.timezone" value="Europe/Kiev"/>
    <property name="os.name" value="Mac OS X"/>
    <property name="java.vm.specification.version" value="14"/>
    <property name="sun.java.launcher" value="SUN_STANDARD"/>
    <property name="user.country" value="UA"/>
    <property name="sun.boot.library.path" value="/Library/Java/JavaVirtualMachines/jdk-14.0.1.jdk/Contents/Home/lib"/>
    <property name="sun.java.command" value="/Users/rudra/Projects/supply-chain/order/target/surefire/surefirebooter297783474509923244.jar /Users/rudra/Projects/supply-chain/order/target/surefire 2020-04-19T23-58-03_882-jvmRun1 surefire16932943513725712030tmp surefire_03725390287893440595tmp"/>
    <property name="http.nonProxyHosts" value="local|*.local|169.254/16|*.169.254/16"/>
    <property name="jdk.debug" value="release"/>
    <property name="surefire.test.class.path" value="/Users/rudra/Projects/supply-chain/order/target/test-classes:/Users/rudra/Projects/supply-chain/order/target/classes:/Users/rudra/.m2/repository/org/springframework/boot/spring-boot-starter-actuator/2.3.0.M4/spring-boot-starter-actuator-2.3.0.M4.jar:/Users/rudra/.m2/repository/org/springframework/boot/spring-boot-starter/2.3.0.M4/spring-boot-starter-2.3.0.M4.jar:/Users/rudra/.m2/repository/org/springframework/boot/spring-boot-starter-logging/2.3.0.M4/spring-boot-starter-logging-2.3.0.M4.jar:/Users/rudra/.m2/repository/ch/qos/logback/logback-classic/1.2.3/logback-classic-1.2.3.jar:/Users/rudra/.m2/repository/ch/qos/logback/logback-core/1.2.3/logback-core-1.2.3.jar:/Users/rudra/.m2/repository/org/apache/logging/log4j/log4j-to-slf4j/2.13.1/log4j-to-slf4j-2.13.1.jar:/Users/rudra/.m2/repository/org/apache/logging/log4j/log4j-api/2.13.1/log4j-api-2.13.1.jar:/Users/rudra/.m2/repository/org/slf4j/jul-to-slf4j/1.7.30/jul-to-slf4j-1.7.30.jar:/Users/rudra/.m2/repository/jakarta/annotation/jakarta.annotation-api/1.3.5/jakarta.annotation-api-1.3.5.jar:/Users/rudra/.m2/repository/org/yaml/snakeyaml/1.26/snakeyaml-1.26.jar:/Users/rudra/.m2/repository/org/springframework/boot/spring-boot-actuator-autoconfigure/2.3.0.M4/spring-boot-actuator-autoconfigure-2.3.0.M4.jar:/Users/rudra/.m2/repository/org/springframework/boot/spring-boot-actuator/2.3.0.M4/spring-boot-actuator-2.3.0.M4.jar:/Users/rudra/.m2/repository/com/fasterxml/jackson/core/jackson-databind/2.11.0.rc1/jackson-databind-2.11.0.rc1.jar:/Users/rudra/.m2/repository/com/fasterxml/jackson/core/jackson-annotations/2.11.0.rc1/jackson-annotations-2.11.0.rc1.jar:/Users/rudra/.m2/repository/com/fasterxml/jackson/core/jackson-core/2.11.0.rc1/jackson-core-2.11.0.rc1.jar:/Users/rudra/.m2/repository/com/fasterxml/jackson/datatype/jackson-datatype-jsr310/2.11.0.rc1/jackson-datatype-jsr310-2.11.0.rc1.jar:/Users/rudra/.m2/repository/org/springframework/spring-context/5.2.5.RELEASE/spring-context-5.2.5.RELEASE.jar:/Users/rudra/.m2/repository/io/micrometer/micrometer-core/1.3.7/micrometer-core-1.3.7.jar:/Users/rudra/.m2/repository/org/hdrhistogram/HdrHistogram/2.1.11/HdrHistogram-2.1.11.jar:/Users/rudra/.m2/repository/org/latencyutils/LatencyUtils/2.0.3/LatencyUtils-2.0.3.jar:/Users/rudra/.m2/repository/org/springframework/boot/spring-boot-starter-web/2.3.0.M4/spring-boot-starter-web-2.3.0.M4.jar:/Users/rudra/.m2/repository/org/springframework/boot/spring-boot-starter-json/2.3.0.M4/spring-boot-starter-json-2.3.0.M4.jar:/Users/rudra/.m2/repository/com/fasterxml/jackson/datatype/jackson-datatype-jdk8/2.11.0.rc1/jackson-datatype-jdk8-2.11.0.rc1.jar:/Users/rudra/.m2/repository/com/fasterxml/jackson/module/jackson-module-parameter-names/2.11.0.rc1/jackson-module-parameter-names-2.11.0.rc1.jar:/Users/rudra/.m2/repository/org/springframework/boot/spring-boot-starter-tomcat/2.3.0.M4/spring-boot-starter-tomcat-2.3.0.M4.jar:/Users/rudra/.m2/repository/org/apache/tomcat/embed/tomcat-embed-core/9.0.33/tomcat-embed-core-9.0.33.jar:/Users/rudra/.m2/repository/org/glassfish/jakarta.el/3.0.3/jakarta.el-3.0.3.jar:/Users/rudra/.m2/repository/org/apache/tomcat/embed/tomcat-embed-websocket/9.0.33/tomcat-embed-websocket-9.0.33.jar:/Users/rudra/.m2/repository/org/springframework/spring-web/5.2.5.RELEASE/spring-web-5.2.5.RELEASE.jar:/Users/rudra/.m2/repository/org/springframework/spring-beans/5.2.5.RELEASE/spring-beans-5.2.5.RELEASE.jar:/Users/rudra/.m2/repository/org/springframework/spring-webmvc/5.2.5.RELEASE/spring-webmvc-5.2.5.RELEASE.jar:/Users/rudra/.m2/repository/org/springframework/spring-aop/5.2.5.RELEASE/spring-aop-5.2.5.RELEASE.jar:/Users/rudra/.m2/repository/org/springframework/spring-expression/5.2.5.RELEASE/spring-expression-5.2.5.RELEASE.jar:/Users/rudra/.m2/repository/org/springframework/boot/spring-boot-devtools/2.3.0.M4/spring-boot-devtools-2.3.0.M4.jar:/Users/rudra/.m2/repository/org/springframework/boot/spring-boot/2.3.0.M4/spring-boot-2.3.0.M4.jar:/Users/rudra/.m2/repository/org/springframework/boot/spring-boot-autoconfigure/2.3.0.M4/spring-boot-autoconfigure-2.3.0.M4.jar:/Users/rudra/.m2/repository/org/projectlombok/lombok/1.18.12/lombok-1.18.12.jar:/Users/rudra/.m2/repository/org/springframework/boot/spring-boot-starter-test/2.3.0.M4/spring-boot-starter-test-2.3.0.M4.jar:/Users/rudra/.m2/repository/org/springframework/boot/spring-boot-test/2.3.0.M4/spring-boot-test-2.3.0.M4.jar:/Users/rudra/.m2/repository/org/springframework/boot/spring-boot-test-autoconfigure/2.3.0.M4/spring-boot-test-autoconfigure-2.3.0.M4.jar:/Users/rudra/.m2/repository/com/jayway/jsonpath/json-path/2.4.0/json-path-2.4.0.jar:/Users/rudra/.m2/repository/net/minidev/json-smart/2.3/json-smart-2.3.jar:/Users/rudra/.m2/repository/net/minidev/accessors-smart/1.2/accessors-smart-1.2.jar:/Users/rudra/.m2/repository/org/ow2/asm/asm/5.0.4/asm-5.0.4.jar:/Users/rudra/.m2/repository/org/slf4j/slf4j-api/1.7.30/slf4j-api-1.7.30.jar:/Users/rudra/.m2/repository/jakarta/xml/bind/jakarta.xml.bind-api/2.3.3/jakarta.xml.bind-api-2.3.3.jar:/Users/rudra/.m2/repository/jakarta/activation/jakarta.activation-api/1.2.2/jakarta.activation-api-1.2.2.jar:/Users/rudra/.m2/repository/org/assertj/assertj-core/3.15.0/assertj-core-3.15.0.jar:/Users/rudra/.m2/repository/org/hamcrest/hamcrest/2.2/hamcrest-2.2.jar:/Users/rudra/.m2/repository/org/junit/jupiter/junit-jupiter/5.6.1/junit-jupiter-5.6.1.jar:/Users/rudra/.m2/repository/org/junit/jupiter/junit-jupiter-api/5.6.1/junit-jupiter-api-5.6.1.jar:/Users/rudra/.m2/repository/org/apiguardian/apiguardian-api/1.1.0/apiguardian-api-1.1.0.jar:/Users/rudra/.m2/repository/org/opentest4j/opentest4j/1.2.0/opentest4j-1.2.0.jar:/Users/rudra/.m2/repository/org/junit/platform/junit-platform-commons/1.6.1/junit-platform-commons-1.6.1.jar:/Users/rudra/.m2/repository/org/junit/jupiter/junit-jupiter-params/5.6.1/junit-jupiter-params-5.6.1.jar:/Users/rudra/.m2/repository/org/junit/jupiter/junit-jupiter-engine/5.6.1/junit-jupiter-engine-5.6.1.jar:/Users/rudra/.m2/repository/org/junit/platform/junit-platform-engine/1.6.1/junit-platform-engine-1.6.1.jar:/Users/rudra/.m2/repository/org/mockito/mockito-core/3.3.3/mockito-core-3.3.3.jar:/Users/rudra/.m2/repository/net/bytebuddy/byte-buddy/1.10.9/byte-buddy-1.10.9.jar:/Users/rudra/.m2/repository/net/bytebuddy/byte-buddy-agent/1.10.9/byte-buddy-agent-1.10.9.jar:/Users/rudra/.m2/repository/org/objenesis/objenesis/2.6/objenesis-2.6.jar:/Users/rudra/.m2/repository/org/mockito/mockito-junit-jupiter/3.3.3/mockito-junit-jupiter-3.3.3.jar:/Users/rudra/.m2/repository/org/skyscreamer/jsonassert/1.5.0/jsonassert-1.5.0.jar:/Users/rudra/.m2/repository/com/vaadin/external/google/android-json/0.0.20131108.vaadin1/android-json-0.0.20131108.vaadin1.jar:/Users/rudra/.m2/repository/org/springframework/spring-core/5.2.5.RELEASE/spring-core-5.2.5.RELEASE.jar:/Users/rudra/.m2/repository/org/springframework/spring-jcl/5.2.5.RELEASE/spring-jcl-5.2.5.RELEASE.jar:/Users/rudra/.m2/repository/org/springframework/spring-test/5.2.5.RELEASE/spring-test-5.2.5.RELEASE.jar:/Users/rudra/.m2/repository/org/xmlunit/xmlunit-core/2.6.4/xmlunit-core-2.6.4.jar:"/>
    <property name="sun.cpu.endian" value="little"/>
    <property name="user.home" value="/Users/rudra"/>
    <property name="user.language" value="en"/>
    <property name="java.specification.vendor" value="Oracle Corporation"/>
    <property name="java.version.date" value="2020-04-14"/>
    <property name="java.home" value="/Library/Java/JavaVirtualMachines/jdk-14.0.1.jdk/Contents/Home"/>
    <property name="file.separator" value="/"/>
    <property name="basedir" value="/Users/rudra/Projects/supply-chain/order"/>
    <property name="java.vm.compressedOopsMode" value="Zero based"/>
    <property name="line.separator" value="&#10;"/>
    <property name="java.vm.specification.vendor" value="Oracle Corporation"/>
    <property name="java.specification.name" value="Java Platform API Specification"/>
    <property name="java.awt.headless" value="true"/>
    <property name="idea.version2020.1.1" value="true"/>
    <property name="surefire.real.class.path" value="/Users/rudra/Projects/supply-chain/order/target/surefire/surefirebooter297783474509923244.jar"/>
    <property name="sun.management.compiler" value="HotSpot 64-Bit Tiered Compilers"/>
    <property name="ftp.nonProxyHosts" value="local|*.local|169.254/16|*.169.254/16"/>
    <property name="java.runtime.version" value="14.0.1+7"/>
    <property name="user.name" value="rudra"/>
    <property name="path.separator" value=":"/>
    <property name="os.version" value="10.15.4"/>
    <property name="java.runtime.name" value="Java(TM) SE Runtime Environment"/>
    <property name="file.encoding" value="UTF-8"/>
    <property name="spring.beaninfo.ignore" value="true"/>
    <property name="java.vm.name" value="Java HotSpot(TM) 64-Bit Server VM"/>
    <property name="localRepository" value="/Users/rudra/.m2/repository"/>
    <property name="java.vendor.url.bug" value="https://bugreport.java.com/bugreport/"/>
    <property name="java.io.tmpdir" value="/var/folders/l2/p8l7tdzd33q2_tpqk8jw3hz40000gn/T/"/>
    <property name="java.version" value="14.0.1"/>
    <property name="user.dir" value="/Users/rudra/Projects/supply-chain/order"/>
    <property name="os.arch" value="x86_64"/>
    <property name="java.vm.specification.name" value="Java Virtual Machine Specification"/>
    <property name="PID" value="62207"/>
    <property name="java.library.path" value="/Users/rudra/Library/Java/Extensions:/Library/Java/Extensions:/Network/Library/Java/Extensions:/System/Library/Java/Extensions:/usr/lib/java:."/>
    <property name="java.vm.info" value="mixed mode, sharing"/>
    <property name="java.vendor" value="Oracle Corporation"/>
    <property name="java.vm.version" value="14.0.1+7"/>
    <property name="sun.io.unicode.encoding" value="UnicodeBig"/>
    <property name="socksNonProxyHosts" value="local|*.local|169.254/16|*.169.254/16"/>
    <property name="java.class.version" value="58.0"/>
  </properties>
  <testcase name="contextLoads" classname="supplychain.order.OrderApplicationTests" time="0.426"/>
</testsuite>